<?xml version="1.0" encoding="UTF-8"?>
<testng-results ignored="0" total="1" passed="1" failed="0" skipped="0">
  <reporter-output>
  </reporter-output>
  <suite started-at="2020-04-05T12:54:15Z" name="BDD Test Suite" finished-at="2020-04-05T12:54:35Z" duration-ms="19662">
    <groups>
      <group name="cucumber">
        <method signature="TestRunner.feature(cucumber.api.testng.CucumberFeatureWrapper)[pri:0, instance:com.qa.runner.TestRunner@143640d5]" name="feature" class="com.qa.runner.TestRunner"/>
      </group> <!-- cucumber -->
    </groups>
    <test started-at="2020-04-05T12:54:15Z" name="FREE CRM Test" finished-at="2020-04-05T12:54:35Z" duration-ms="19662">
      <class name="com.qa.runner.TestRunner">
        <test-method is-config="true" signature="setUpClass()[pri:0, instance:com.qa.runner.TestRunner@143640d5]" started-at="2020-04-05T12:54:15Z" name="setUpClass" finished-at="2020-04-05T12:54:16Z" duration-ms="921" status="PASS">
          <reporter-output>
          </reporter-output>
        </test-method> <!-- setUpClass -->
        <test-method signature="feature(cucumber.api.testng.CucumberFeatureWrapper)[pri:0, instance:com.qa.runner.TestRunner@143640d5]" started-at="2020-04-05T12:54:16Z" name="feature" description="Runs Cucumber Feature" data-provider="features" finished-at="2020-04-05T12:54:34Z" duration-ms="17762" status="PASS">
          <params>
            <param index="0">
              <value>
                <![CDATA[mercurytours Feature]]>
              </value>
            </param>
          </params>
          <reporter-output>
          </reporter-output>
        </test-method> <!-- feature -->
        <test-method is-config="true" signature="tearDownClass()[pri:0, instance:com.qa.runner.TestRunner@143640d5]" started-at="2020-04-05T12:54:34Z" name="tearDownClass" finished-at="2020-04-05T12:54:35Z" duration-ms="705" status="PASS">
          <reporter-output>
          </reporter-output>
        </test-method> <!-- tearDownClass -->
      </class> <!-- com.qa.runner.TestRunner -->
    </test> <!-- FREE CRM Test -->
  </suite> <!-- BDD Test Suite -->
</testng-results>
