<?xml version="1.0" encoding="UTF-8"?>
<testng-results ignored="0" total="1" passed="1" failed="0" skipped="0">
  <reporter-output>
  </reporter-output>
  <suite started-at="2020-04-14T21:26:33 IST" name="Default suite" finished-at="2020-04-14T21:27:18 IST" duration-ms="45612">
    <groups>
      <group name="cucumber">
        <method signature="TestRunner.feature(cucumber.api.testng.CucumberFeatureWrapper)[pri:0, instance:com.qa.runner.TestRunner@477b4cdf]" name="feature" class="com.qa.runner.TestRunner"/>
      </group> <!-- cucumber -->
    </groups>
    <test started-at="2020-04-14T21:26:33 IST" name="Default test" finished-at="2020-04-14T21:27:18 IST" duration-ms="45612">
      <class name="com.qa.runner.TestRunner">
        <test-method is-config="true" signature="setUpClass()[pri:0, instance:com.qa.runner.TestRunner@477b4cdf]" started-at="2020-04-14T21:26:33 IST" name="setUpClass" finished-at="2020-04-14T21:26:33 IST" duration-ms="713" status="PASS">
          <reporter-output>
          </reporter-output>
        </test-method> <!-- setUpClass -->
        <test-method signature="feature(cucumber.api.testng.CucumberFeatureWrapper)[pri:0, instance:com.qa.runner.TestRunner@477b4cdf]" started-at="2020-04-14T21:26:34 IST" name="feature" description="Runs Cucumber Feature" data-provider="features" finished-at="2020-04-14T21:27:17 IST" duration-ms="43659" status="PASS">
          <params>
            <param index="0">
              <value>
                <![CDATA[mercurytours Feature]]>
              </value>
            </param>
          </params>
          <reporter-output>
          </reporter-output>
        </test-method> <!-- feature -->
        <test-method is-config="true" signature="tearDownClass()[pri:0, instance:com.qa.runner.TestRunner@477b4cdf]" started-at="2020-04-14T21:27:17 IST" name="tearDownClass" finished-at="2020-04-14T21:27:18 IST" duration-ms="960" status="PASS">
          <reporter-output>
          </reporter-output>
        </test-method> <!-- tearDownClass -->
      </class> <!-- com.qa.runner.TestRunner -->
    </test> <!-- Default test -->
  </suite> <!-- Default suite -->
</testng-results>
